[debug] [2026-02-20T08:58:57.251Z] [Firebase Plugin] Activating Firebase extension.
[info] [Firebase Plugin] Checked firebase-tools, is up to date!
[debug] [2026-02-20T08:59:02.440Z] [Firebase Plugin] requireAuthWrapper
[debug] [2026-02-20T08:59:02.444Z] > command requires scopes: ["email","openid","https://www.googleapis.com/auth/cloudplatformprojects.readonly","https://www.googleapis.com/auth/firebase","https://www.googleapis.com/auth/cloud-platform"]
[debug] [2026-02-20T08:59:02.445Z] > authorizing via signed-in user (veerasurya39@gmail.com)
[debug] [2026-02-20T08:59:02.452Z] Checked if tokens are valid: true, expires at: 1771579013448
[debug] [2026-02-20T08:59:02.452Z] Checked if tokens are valid: true, expires at: 1771579013448
[debug] [2026-02-20T08:59:02.453Z] [Firebase Plugin] User found:  veerasurya39@gmail.com
[info] [Firebase Plugin] (Core:Project) New user detected, fetching projects
[debug] [2026-02-20T08:59:02.455Z] Checked if tokens are valid: true, expires at: 1771579013448
[debug] [2026-02-20T08:59:02.457Z] >>> [apiv2][query] GET https://firebase.googleapis.com/v1beta1/projects pageSize=1000
[debug] [2026-02-20T08:59:02.478Z] [Firebase Plugin] VSCode notification server listening on port 40001
[debug] [2026-02-20T08:59:05.176Z] Object "" in "firebase.json" has unknown property: {"additionalProperty":"auth"}
[info] [Firebase Plugin] Starting Data Connect toolkit (version 3.1.1) on port 50001
[debug] [2026-02-20T08:59:05.550Z] 'fdc build' failed with error: Unable to build your Data Connect schema and connectors (exit code 1): E0220 14:29:05.539303   14900 cmd.go:43] Error loading data connect config: could not find dataconnect.yaml in `d:\Antigravity\Veera_folio\dataconnect`
 {"metadata":{"emulator":{"name":"dataconnect"},"message":"'fdc build' failed with error: Unable to build your Data Connect schema and connectors (exit code 1): E0220 14:29:05.539303   14900 cmd.go:43] Error loading data connect config: could not find dataconnect.yaml in `d:\\Antigravity\\Veera_folio\\dataconnect`\n"}}
[debug] [2026-02-20T08:59:05.551Z] Ignoring unsupported arg: auto_download {"metadata":{"emulator":{"name":"dataconnect"},"message":"Ignoring unsupported arg: auto_download"}}
[debug] [2026-02-20T08:59:05.552Z] Ignoring unsupported arg: port {"metadata":{"emulator":{"name":"dataconnect"},"message":"Ignoring unsupported arg: port"}}
[debug] [2026-02-20T08:59:05.553Z] Starting Data Connect Emulator with command {"binary":"C:\\Users\\USER\\.cache\\firebase\\emulators\\dataconnect-emulator-3.1.1.exe","args":["--logtostderr","-v=2","dev","--listen=localhost:50001","--config_dir=d:\\Antigravity\\Veera_folio\\dataconnect","--enable_output_schema_extensions=true","--enable_output_generated_sdk=true"],"optionalArgs":["listen","config_dir","enable_output_schema_extensions","enable_output_generated_sdk"],"joinArgs":true,"shell":false,"port":9399} {"metadata":{"emulator":{"name":"dataconnect"},"message":"Starting Data Connect Emulator with command {\"binary\":\"C:\\\\Users\\\\USER\\\\.cache\\\\firebase\\\\emulators\\\\dataconnect-emulator-3.1.1.exe\",\"args\":[\"--logtostderr\",\"-v=2\",\"dev\",\"--listen=localhost:50001\",\"--config_dir=d:\\\\Antigravity\\\\Veera_folio\\\\dataconnect\",\"--enable_output_schema_extensions=true\",\"--enable_output_generated_sdk=true\"],\"optionalArgs\":[\"listen\",\"config_dir\",\"enable_output_schema_extensions\",\"enable_output_generated_sdk\"],\"joinArgs\":true,\"shell\":false,\"port\":9399}"}}
[info] i  dataconnect: Data Connect Emulator logging to dataconnect-debug.log {"metadata":{"emulator":{"name":"dataconnect"},"message":"Data Connect Emulator logging to \u001b[1mdataconnect-debug.log\u001b[22m"}}
[debug] [2026-02-20T08:59:05.685Z] E0220 14:29:05.620977   11948 dev.go:83] Failed to load initial config from "d:\\Antigravity\\Veera_folio\\dataconnect": could not find dataconnect.yaml in `d:\Antigravity\Veera_folio\dataconnect`
E0220 14:29:05.624129   11948 watch.go:116] watchAllDir unable to walk dir `d:\Antigravity\Veera_folio\dataconnect`: CreateFile d:\Antigravity\Veera_folio\dataconnect: The system cannot find the file specified.
I0220 14:29:05.651777   11948 dev.go:104] Listening on address (HTTP + gRPC): 127.0.0.1:50001
 {"metadata":{"emulator":{"name":"dataconnect"},"message":"E0220 14:29:05.620977   11948 dev.go:83] Failed to load initial config from \"d:\\\\Antigravity\\\\Veera_folio\\\\dataconnect\": could not find dataconnect.yaml in `d:\\Antigravity\\Veera_folio\\dataconnect`\nE0220 14:29:05.624129   11948 watch.go:116] watchAllDir unable to walk dir `d:\\Antigravity\\Veera_folio\\dataconnect`: CreateFile d:\\Antigravity\\Veera_folio\\dataconnect: The system cannot find the file specified.\nI0220 14:29:05.651777   11948 dev.go:104] Listening on address (HTTP + gRPC): 127.0.0.1:50001\n"}}
[error] [Firebase Plugin] error:  {}
[debug] [2026-02-20T08:59:06.341Z] <<< [apiv2][status] GET https://firebase.googleapis.com/v1beta1/projects 200
[debug] [2026-02-20T08:59:06.342Z] <<< [apiv2][body] GET https://firebase.googleapis.com/v1beta1/projects [omitted]
[debug] [2026-02-20T08:59:15.627Z] E0220 14:29:15.627118   11948 watch.go:40] Failed to load config from "d:\\Antigravity\\Veera_folio\\dataconnect": could not find dataconnect.yaml in `d:\Antigravity\Veera_folio\dataconnect`
 {"metadata":{"emulator":{"name":"dataconnect"},"message":"E0220 14:29:15.627118   11948 watch.go:40] Failed to load config from \"d:\\\\Antigravity\\\\Veera_folio\\\\dataconnect\": could not find dataconnect.yaml in `d:\\Antigravity\\Veera_folio\\dataconnect`\n"}}
[debug] [2026-02-20T08:59:25.627Z] E0220 14:29:25.627515   11948 watch.go:40] Failed to load config from "d:\\Antigravity\\Veera_folio\\dataconnect": could not find dataconnect.yaml in `d:\Antigravity\Veera_folio\dataconnect`
 {"metadata":{"emulator":{"name":"dataconnect"},"message":"E0220 14:29:25.627515   11948 watch.go:40] Failed to load config from \"d:\\\\Antigravity\\\\Veera_folio\\\\dataconnect\": could not find dataconnect.yaml in `d:\\Antigravity\\Veera_folio\\dataconnect`\n"}}
[debug] [2026-02-20T08:59:35.627Z] E0220 14:29:35.626883   11948 watch.go:40] Failed to load config from "d:\\Antigravity\\Veera_folio\\dataconnect": could not find dataconnect.yaml in `d:\Antigravity\Veera_folio\dataconnect`
 {"metadata":{"emulator":{"name":"dataconnect"},"message":"E0220 14:29:35.626883   11948 watch.go:40] Failed to load config from \"d:\\\\Antigravity\\\\Veera_folio\\\\dataconnect\": could not find dataconnect.yaml in `d:\\Antigravity\\Veera_folio\\dataconnect`\n"}}
[debug] [2026-02-20T08:59:45.627Z] E0220 14:29:45.626925   11948 watch.go:40] Failed to load config from "d:\\Antigravity\\Veera_folio\\dataconnect": could not find dataconnect.yaml in `d:\Antigravity\Veera_folio\dataconnect`
 {"metadata":{"emulator":{"name":"dataconnect"},"message":"E0220 14:29:45.626925   11948 watch.go:40] Failed to load config from \"d:\\\\Antigravity\\\\Veera_folio\\\\dataconnect\": could not find dataconnect.yaml in `d:\\Antigravity\\Veera_folio\\dataconnect`\n"}}
[debug] [2026-02-20T08:59:55.627Z] E0220 14:29:55.627308   11948 watch.go:40] Failed to load config from "d:\\Antigravity\\Veera_folio\\dataconnect": could not find dataconnect.yaml in `d:\Antigravity\Veera_folio\dataconnect`
 {"metadata":{"emulator":{"name":"dataconnect"},"message":"E0220 14:29:55.627308   11948 watch.go:40] Failed to load config from \"d:\\\\Antigravity\\\\Veera_folio\\\\dataconnect\": could not find dataconnect.yaml in `d:\\Antigravity\\Veera_folio\\dataconnect`\n"}}
[debug] [2026-02-20T09:00:05.627Z] E0220 14:30:05.627164   11948 watch.go:116] watchAllDir unable to walk dir `d:\Antigravity\Veera_folio\dataconnect`: CreateFile d:\Antigravity\Veera_folio\dataconnect: The system cannot find the file specified.
E0220 14:30:05.627164   11948 watch.go:40] Failed to load config from "d:\\Antigravity\\Veera_folio\\dataconnect": could not find dataconnect.yaml in `d:\Antigravity\Veera_folio\dataconnect`
 {"metadata":{"emulator":{"name":"dataconnect"},"message":"E0220 14:30:05.627164   11948 watch.go:116] watchAllDir unable to walk dir `d:\\Antigravity\\Veera_folio\\dataconnect`: CreateFile d:\\Antigravity\\Veera_folio\\dataconnect: The system cannot find the file specified.\nE0220 14:30:05.627164   11948 watch.go:40] Failed to load config from \"d:\\\\Antigravity\\\\Veera_folio\\\\dataconnect\": could not find dataconnect.yaml in `d:\\Antigravity\\Veera_folio\\dataconnect`\n"}}
[debug] [2026-02-20T09:00:15.628Z] E0220 14:30:15.627304   11948 watch.go:40] Failed to load config from "d:\\Antigravity\\Veera_folio\\dataconnect": could not find dataconnect.yaml in `d:\Antigravity\Veera_folio\dataconnect`
 {"metadata":{"emulator":{"name":"dataconnect"},"message":"E0220 14:30:15.627304   11948 watch.go:40] Failed to load config from \"d:\\\\Antigravity\\\\Veera_folio\\\\dataconnect\": could not find dataconnect.yaml in `d:\\Antigravity\\Veera_folio\\dataconnect`\n"}}
[debug] [2026-02-20T09:00:25.627Z] E0220 14:30:25.627104   11948 watch.go:40] Failed to load config from "d:\\Antigravity\\Veera_folio\\dataconnect": could not find dataconnect.yaml in `d:\Antigravity\Veera_folio\dataconnect`
 {"metadata":{"emulator":{"name":"dataconnect"},"message":"E0220 14:30:25.627104   11948 watch.go:40] Failed to load config from \"d:\\\\Antigravity\\\\Veera_folio\\\\dataconnect\": could not find dataconnect.yaml in `d:\\Antigravity\\Veera_folio\\dataconnect`\n"}}
[debug] [2026-02-20T09:00:35.627Z] E0220 14:30:35.626846   11948 watch.go:40] Failed to load config from "d:\\Antigravity\\Veera_folio\\dataconnect": could not find dataconnect.yaml in `d:\Antigravity\Veera_folio\dataconnect`
 {"metadata":{"emulator":{"name":"dataconnect"},"message":"E0220 14:30:35.626846   11948 watch.go:40] Failed to load config from \"d:\\\\Antigravity\\\\Veera_folio\\\\dataconnect\": could not find dataconnect.yaml in `d:\\Antigravity\\Veera_folio\\dataconnect`\n"}}
[debug] [2026-02-20T09:00:45.627Z] E0220 14:30:45.626818   11948 watch.go:40] Failed to load config from "d:\\Antigravity\\Veera_folio\\dataconnect": could not find dataconnect.yaml in `d:\Antigravity\Veera_folio\dataconnect`
 {"metadata":{"emulator":{"name":"dataconnect"},"message":"E0220 14:30:45.626818   11948 watch.go:40] Failed to load config from \"d:\\\\Antigravity\\\\Veera_folio\\\\dataconnect\": could not find dataconnect.yaml in `d:\\Antigravity\\Veera_folio\\dataconnect`\n"}}
[debug] [2026-02-20T09:00:55.627Z] E0220 14:30:55.627051   11948 watch.go:40] Failed to load config from "d:\\Antigravity\\Veera_folio\\dataconnect": could not find dataconnect.yaml in `d:\Antigravity\Veera_folio\dataconnect`
 {"metadata":{"emulator":{"name":"dataconnect"},"message":"E0220 14:30:55.627051   11948 watch.go:40] Failed to load config from \"d:\\\\Antigravity\\\\Veera_folio\\\\dataconnect\": could not find dataconnect.yaml in `d:\\Antigravity\\Veera_folio\\dataconnect`\n"}}
[debug] [2026-02-20T09:01:05.627Z] E0220 14:31:05.627145   11948 watch.go:116] watchAllDir unable to walk dir `d:\Antigravity\Veera_folio\dataconnect`: CreateFile d:\Antigravity\Veera_folio\dataconnect: The system cannot find the file specified.
E0220 14:31:05.627145   11948 watch.go:40] Failed to load config from "d:\\Antigravity\\Veera_folio\\dataconnect": could not find dataconnect.yaml in `d:\Antigravity\Veera_folio\dataconnect`
 {"metadata":{"emulator":{"name":"dataconnect"},"message":"E0220 14:31:05.627145   11948 watch.go:116] watchAllDir unable to walk dir `d:\\Antigravity\\Veera_folio\\dataconnect`: CreateFile d:\\Antigravity\\Veera_folio\\dataconnect: The system cannot find the file specified.\nE0220 14:31:05.627145   11948 watch.go:40] Failed to load config from \"d:\\\\Antigravity\\\\Veera_folio\\\\dataconnect\": could not find dataconnect.yaml in `d:\\Antigravity\\Veera_folio\\dataconnect`\n"}}
[debug] [2026-02-20T09:01:15.629Z] E0220 14:31:15.629184   11948 watch.go:40] Failed to load config from "d:\\Antigravity\\Veera_folio\\dataconnect": could not find dataconnect.yaml in `d:\Antigravity\Veera_folio\dataconnect`
 {"metadata":{"emulator":{"name":"dataconnect"},"message":"E0220 14:31:15.629184   11948 watch.go:40] Failed to load config from \"d:\\\\Antigravity\\\\Veera_folio\\\\dataconnect\": could not find dataconnect.yaml in `d:\\Antigravity\\Veera_folio\\dataconnect`\n"}}
[debug] [2026-02-20T09:01:25.627Z] E0220 14:31:25.627063   11948 watch.go:40] Failed to load config from "d:\\Antigravity\\Veera_folio\\dataconnect": could not find dataconnect.yaml in `d:\Antigravity\Veera_folio\dataconnect`
 {"metadata":{"emulator":{"name":"dataconnect"},"message":"E0220 14:31:25.627063   11948 watch.go:40] Failed to load config from \"d:\\\\Antigravity\\\\Veera_folio\\\\dataconnect\": could not find dataconnect.yaml in `d:\\Antigravity\\Veera_folio\\dataconnect`\n"}}
[debug] [2026-02-20T09:01:35.627Z] E0220 14:31:35.627210   11948 watch.go:40] Failed to load config from "d:\\Antigravity\\Veera_folio\\dataconnect": could not find dataconnect.yaml in `d:\Antigravity\Veera_folio\dataconnect`
 {"metadata":{"emulator":{"name":"dataconnect"},"message":"E0220 14:31:35.627210   11948 watch.go:40] Failed to load config from \"d:\\\\Antigravity\\\\Veera_folio\\\\dataconnect\": could not find dataconnect.yaml in `d:\\Antigravity\\Veera_folio\\dataconnect`\n"}}
[debug] [2026-02-20T09:01:45.627Z] E0220 14:31:45.627446   11948 watch.go:40] Failed to load config from "d:\\Antigravity\\Veera_folio\\dataconnect": could not find dataconnect.yaml in `d:\Antigravity\Veera_folio\dataconnect`
 {"metadata":{"emulator":{"name":"dataconnect"},"message":"E0220 14:31:45.627446   11948 watch.go:40] Failed to load config from \"d:\\\\Antigravity\\\\Veera_folio\\\\dataconnect\": could not find dataconnect.yaml in `d:\\Antigravity\\Veera_folio\\dataconnect`\n"}}
[debug] [2026-02-20T09:01:55.627Z] E0220 14:31:55.627390   11948 watch.go:40] Failed to load config from "d:\\Antigravity\\Veera_folio\\dataconnect": could not find dataconnect.yaml in `d:\Antigravity\Veera_folio\dataconnect`
 {"metadata":{"emulator":{"name":"dataconnect"},"message":"E0220 14:31:55.627390   11948 watch.go:40] Failed to load config from \"d:\\\\Antigravity\\\\Veera_folio\\\\dataconnect\": could not find dataconnect.yaml in `d:\\Antigravity\\Veera_folio\\dataconnect`\n"}}
[debug] [2026-02-20T09:02:05.627Z] E0220 14:32:05.627494   11948 watch.go:116] watchAllDir unable to walk dir `d:\Antigravity\Veera_folio\dataconnect`: CreateFile d:\Antigravity\Veera_folio\dataconnect: The system cannot find the file specified.
 {"metadata":{"emulator":{"name":"dataconnect"},"message":"E0220 14:32:05.627494   11948 watch.go:116] watchAllDir unable to walk dir `d:\\Antigravity\\Veera_folio\\dataconnect`: CreateFile d:\\Antigravity\\Veera_folio\\dataconnect: The system cannot find the file specified.\n"}}
[debug] [2026-02-20T09:02:05.629Z] E0220 14:32:05.630019   11948 watch.go:40] Failed to load config from "d:\\Antigravity\\Veera_folio\\dataconnect": could not find dataconnect.yaml in `d:\Antigravity\Veera_folio\dataconnect`
 {"metadata":{"emulator":{"name":"dataconnect"},"message":"E0220 14:32:05.630019   11948 watch.go:40] Failed to load config from \"d:\\\\Antigravity\\\\Veera_folio\\\\dataconnect\": could not find dataconnect.yaml in `d:\\Antigravity\\Veera_folio\\dataconnect`\n"}}
[debug] [2026-02-20T09:02:15.627Z] E0220 14:32:15.627956   11948 watch.go:40] Failed to load config from "d:\\Antigravity\\Veera_folio\\dataconnect": could not find dataconnect.yaml in `d:\Antigravity\Veera_folio\dataconnect`
 {"metadata":{"emulator":{"name":"dataconnect"},"message":"E0220 14:32:15.627956   11948 watch.go:40] Failed to load config from \"d:\\\\Antigravity\\\\Veera_folio\\\\dataconnect\": could not find dataconnect.yaml in `d:\\Antigravity\\Veera_folio\\dataconnect`\n"}}
[debug] [2026-02-20T09:02:25.627Z] E0220 14:32:25.627531   11948 watch.go:40] Failed to load config from "d:\\Antigravity\\Veera_folio\\dataconnect": could not find dataconnect.yaml in `d:\Antigravity\Veera_folio\dataconnect`
 {"metadata":{"emulator":{"name":"dataconnect"},"message":"E0220 14:32:25.627531   11948 watch.go:40] Failed to load config from \"d:\\\\Antigravity\\\\Veera_folio\\\\dataconnect\": could not find dataconnect.yaml in `d:\\Antigravity\\Veera_folio\\dataconnect`\n"}}
[debug] [2026-02-20T09:02:35.626Z] E0220 14:32:35.627212   11948 watch.go:40] Failed to load config from "d:\\Antigravity\\Veera_folio\\dataconnect": could not find dataconnect.yaml in `d:\Antigravity\Veera_folio\dataconnect`
 {"metadata":{"emulator":{"name":"dataconnect"},"message":"E0220 14:32:35.627212   11948 watch.go:40] Failed to load config from \"d:\\\\Antigravity\\\\Veera_folio\\\\dataconnect\": could not find dataconnect.yaml in `d:\\Antigravity\\Veera_folio\\dataconnect`\n"}}
[debug] [2026-02-20T09:02:45.629Z] E0220 14:32:45.628770   11948 watch.go:40] Failed to load config from "d:\\Antigravity\\Veera_folio\\dataconnect": could not find dataconnect.yaml in `d:\Antigravity\Veera_folio\dataconnect`
 {"metadata":{"emulator":{"name":"dataconnect"},"message":"E0220 14:32:45.628770   11948 watch.go:40] Failed to load config from \"d:\\\\Antigravity\\\\Veera_folio\\\\dataconnect\": could not find dataconnect.yaml in `d:\\Antigravity\\Veera_folio\\dataconnect`\n"}}
[debug] [2026-02-20T09:02:55.627Z] E0220 14:32:55.627480   11948 watch.go:40] Failed to load config from "d:\\Antigravity\\Veera_folio\\dataconnect": could not find dataconnect.yaml in `d:\Antigravity\Veera_folio\dataconnect`
 {"metadata":{"emulator":{"name":"dataconnect"},"message":"E0220 14:32:55.627480   11948 watch.go:40] Failed to load config from \"d:\\\\Antigravity\\\\Veera_folio\\\\dataconnect\": could not find dataconnect.yaml in `d:\\Antigravity\\Veera_folio\\dataconnect`\n"}}
[debug] [2026-02-20T09:03:05.627Z] E0220 14:33:05.627299   11948 watch.go:116] watchAllDir unable to walk dir `d:\Antigravity\Veera_folio\dataconnect`: CreateFile d:\Antigravity\Veera_folio\dataconnect: The system cannot find the file specified.
E0220 14:33:05.627299   11948 watch.go:40] Failed to load config from "d:\\Antigravity\\Veera_folio\\dataconnect": could not find dataconnect.yaml in `d:\Antigravity\Veera_folio\dataconnect`
 {"metadata":{"emulator":{"name":"dataconnect"},"message":"E0220 14:33:05.627299   11948 watch.go:116] watchAllDir unable to walk dir `d:\\Antigravity\\Veera_folio\\dataconnect`: CreateFile d:\\Antigravity\\Veera_folio\\dataconnect: The system cannot find the file specified.\nE0220 14:33:05.627299   11948 watch.go:40] Failed to load config from \"d:\\\\Antigravity\\\\Veera_folio\\\\dataconnect\": could not find dataconnect.yaml in `d:\\Antigravity\\Veera_folio\\dataconnect`\n"}}
[debug] [2026-02-20T09:03:15.627Z] E0220 14:33:15.627128   11948 watch.go:40] Failed to load config from "d:\\Antigravity\\Veera_folio\\dataconnect": could not find dataconnect.yaml in `d:\Antigravity\Veera_folio\dataconnect`
 {"metadata":{"emulator":{"name":"dataconnect"},"message":"E0220 14:33:15.627128   11948 watch.go:40] Failed to load config from \"d:\\\\Antigravity\\\\Veera_folio\\\\dataconnect\": could not find dataconnect.yaml in `d:\\Antigravity\\Veera_folio\\dataconnect`\n"}}
[debug] [2026-02-20T09:03:25.632Z] E0220 14:33:25.631375   11948 watch.go:40] Failed to load config from "d:\\Antigravity\\Veera_folio\\dataconnect": could not find dataconnect.yaml in `d:\Antigravity\Veera_folio\dataconnect`
 {"metadata":{"emulator":{"name":"dataconnect"},"message":"E0220 14:33:25.631375   11948 watch.go:40] Failed to load config from \"d:\\\\Antigravity\\\\Veera_folio\\\\dataconnect\": could not find dataconnect.yaml in `d:\\Antigravity\\Veera_folio\\dataconnect`\n"}}
[debug] [2026-02-20T09:03:35.627Z] E0220 14:33:35.626888   11948 watch.go:40] Failed to load config from "d:\\Antigravity\\Veera_folio\\dataconnect": could not find dataconnect.yaml in `d:\Antigravity\Veera_folio\dataconnect`
 {"metadata":{"emulator":{"name":"dataconnect"},"message":"E0220 14:33:35.626888   11948 watch.go:40] Failed to load config from \"d:\\\\Antigravity\\\\Veera_folio\\\\dataconnect\": could not find dataconnect.yaml in `d:\\Antigravity\\Veera_folio\\dataconnect`\n"}}
[debug] [2026-02-20T09:03:45.628Z] E0220 14:33:45.626891   11948 watch.go:40] Failed to load config from "d:\\Antigravity\\Veera_folio\\dataconnect": could not find dataconnect.yaml in `d:\Antigravity\Veera_folio\dataconnect`
 {"metadata":{"emulator":{"name":"dataconnect"},"message":"E0220 14:33:45.626891   11948 watch.go:40] Failed to load config from \"d:\\\\Antigravity\\\\Veera_folio\\\\dataconnect\": could not find dataconnect.yaml in `d:\\Antigravity\\Veera_folio\\dataconnect`\n"}}
[debug] [2026-02-20T09:03:55.628Z] E0220 14:33:55.627673   11948 watch.go:40] Failed to load config from "d:\\Antigravity\\Veera_folio\\dataconnect": could not find dataconnect.yaml in `d:\Antigravity\Veera_folio\dataconnect`
 {"metadata":{"emulator":{"name":"dataconnect"},"message":"E0220 14:33:55.627673   11948 watch.go:40] Failed to load config from \"d:\\\\Antigravity\\\\Veera_folio\\\\dataconnect\": could not find dataconnect.yaml in `d:\\Antigravity\\Veera_folio\\dataconnect`\n"}}
[debug] [2026-02-20T09:04:05.628Z] E0220 14:34:05.627662   11948 watch.go:116] watchAllDir unable to walk dir `d:\Antigravity\Veera_folio\dataconnect`: CreateFile d:\Antigravity\Veera_folio\dataconnect: The system cannot find the file specified.
E0220 14:34:05.627662   11948 watch.go:40] Failed to load config from "d:\\Antigravity\\Veera_folio\\dataconnect": could not find dataconnect.yaml in `d:\Antigravity\Veera_folio\dataconnect`
 {"metadata":{"emulator":{"name":"dataconnect"},"message":"E0220 14:34:05.627662   11948 watch.go:116] watchAllDir unable to walk dir `d:\\Antigravity\\Veera_folio\\dataconnect`: CreateFile d:\\Antigravity\\Veera_folio\\dataconnect: The system cannot find the file specified.\nE0220 14:34:05.627662   11948 watch.go:40] Failed to load config from \"d:\\\\Antigravity\\\\Veera_folio\\\\dataconnect\": could not find dataconnect.yaml in `d:\\Antigravity\\Veera_folio\\dataconnect`\n"}}
[debug] [2026-02-20T09:04:15.627Z] E0220 14:34:15.627066   11948 watch.go:40] Failed to load config from "d:\\Antigravity\\Veera_folio\\dataconnect": could not find dataconnect.yaml in `d:\Antigravity\Veera_folio\dataconnect`
 {"metadata":{"emulator":{"name":"dataconnect"},"message":"E0220 14:34:15.627066   11948 watch.go:40] Failed to load config from \"d:\\\\Antigravity\\\\Veera_folio\\\\dataconnect\": could not find dataconnect.yaml in `d:\\Antigravity\\Veera_folio\\dataconnect`\n"}}
[debug] [2026-02-20T09:04:25.628Z] E0220 14:34:25.627759   11948 watch.go:40] Failed to load config from "d:\\Antigravity\\Veera_folio\\dataconnect": could not find dataconnect.yaml in `d:\Antigravity\Veera_folio\dataconnect`
 {"metadata":{"emulator":{"name":"dataconnect"},"message":"E0220 14:34:25.627759   11948 watch.go:40] Failed to load config from \"d:\\\\Antigravity\\\\Veera_folio\\\\dataconnect\": could not find dataconnect.yaml in `d:\\Antigravity\\Veera_folio\\dataconnect`\n"}}
[debug] [2026-02-20T09:04:35.628Z] E0220 14:34:35.627805   11948 watch.go:40] Failed to load config from "d:\\Antigravity\\Veera_folio\\dataconnect": could not find dataconnect.yaml in `d:\Antigravity\Veera_folio\dataconnect`
 {"metadata":{"emulator":{"name":"dataconnect"},"message":"E0220 14:34:35.627805   11948 watch.go:40] Failed to load config from \"d:\\\\Antigravity\\\\Veera_folio\\\\dataconnect\": could not find dataconnect.yaml in `d:\\Antigravity\\Veera_folio\\dataconnect`\n"}}
[info] [Firebase Plugin] Stopping Data Connect toolkit
